[ 1  2  3  4  5  6  7  8  9 10 11 12 13 14 15 16 17 18 19] [0] 94
[ 0  2  3  4  5  6  7  8  9 10 11 12 13 14 15 16 17 18 19] [1] 370
[ 0  1  3  4  5  6  7  8  9 10 11 12 13 14 15 16 17 18 19] [2] 410
[ 0  1  2  4  5  6  7  8  9 10 11 12 13 14 15 16 17 18 19] [3] 545
[ 0  1  2  3  5  6  7  8  9 10 11 12 13 14 15 16 17 18 19] [4] 624
[ 0  1  2  3  4  6  7  8  9 10 11 12 13 14 15 16 17 18 19] [5] 1953
[ 0  1  2  3  4  5  7  8  9 10 11 12 13 14 15 16 17 18 19] [6] 2156
[ 0  1  2  3  4  5  6  8  9 10 11 12 13 14 15 16 17 18 19] [7] 2814
[ 0  1  2  3  4  5  6  7  9 10 11 12 13 14 15 16 17 18 19] [8] 3367
[ 0  1  2  3  4  5  6  7  8 10 11 12 13 14 15 16 17 18 19] [9] 3456
[ 0  1  2  3  4  5  6  7  8  9 11 12 13 14 15 16 17 18 19] [10] 3723
[ 0  1  2  3  4  5  6  7  8  9 10 12 13 14 15 16 17 18 19] [11] 3967
[ 0  1  2  3  4  5  6  7  8  9 10 11 13 14 15 16 17 18 19] [12] 4767
[ 0  1  2  3  4  5  6  7  8  9 10 11 12 14 15 16 17 18 19] [13] 5357
[ 0  1  2  3  4  5  6  7  8  9 10 11 12 13 15 16 17 18 19] [14] 5371
[ 0  1  2  3  4  5  6  7  8  9 10 11 12 13 14 16 17 18 19] [15] 6072
[ 0  1  2  3  4  5  6  7  8  9 10 11 12 13 14 15 17 18 19] [16] 6636
[ 0  1  2  3  4  5  6  7  8  9 10 11 12 13 14 15 16 18 19] [17] 6910
[ 0  1  2  3  4  5  6  7  8  9 10 11 12 13 14 15 16 17 19] [18] 7769
[ 0  1  2  3  4  5  6  7  8  9 10 11 12 13 14 15 16 17 18] [19] 7866
